<?xml version="1.0" encoding="UTF-8"?>
<!-- Generated by org.testng.reporters.JUnitReportReporter -->
<testsuite hostname="DESKTOP-DG9TNPG" failures="0" tests="1" name="PackageOne.ClassOne" time="54.639" errors="0" timestamp="29 Jul 2021 07:33:48 GMT">
  <testcase classname="PackageOne.ClassOne" name="methodOne" time="54.639"/>
</testsuite> <!-- PackageOne.ClassOne -->
