<?xml version="1.0" encoding="UTF-8"?>
<!-- Generated by org.testng.reporters.JUnitReportReporter -->
<testsuite hostname="DESKTOP-DG9TNPG" failures="0" tests="1" name="PackageOne.ClassThree" time="11.370" errors="0" timestamp="29 Jul 2021 07:33:48 GMT">
  <testcase classname="PackageOne.ClassThree" name="methodThree" time="11.370"/>
</testsuite> <!-- PackageOne.ClassThree -->
