<?xml version="1.0" encoding="UTF-8"?>
<!-- Generated by org.testng.reporters.JUnitReportReporter -->
<testsuite hostname="DESKTOP-DG9TNPG" failures="0" tests="1" name="PackageOne.ClassOne" time="30.536" errors="0" timestamp="15 Jul 2021 00:29:53 GMT">
  <testcase classname="PackageOne.ClassOne" name="methodOne" time="30.536"/>
</testsuite> <!-- PackageOne.ClassOne -->
