<?xml version="1.0" encoding="UTF-8"?>
<!-- Generated by org.testng.reporters.JUnitReportReporter -->
<testsuite hostname="DESKTOP-DG9TNPG" failures="0" tests="1" name="PackageOne.ClassThree" time="11.749" errors="0" timestamp="15 Jul 2021 00:29:53 GMT">
  <testcase classname="PackageOne.ClassThree" name="methodThree" time="11.749"/>
</testsuite> <!-- PackageOne.ClassThree -->
